#-----------------------------------------------------------
# Vivado v2017.4 (64-bit)
# SW Build 2086221 on Fri Dec 15 20:55:39 MST 2017
# IP Build 2085800 on Fri Dec 15 22:25:07 MST 2017
# Start of session at: Fri Apr 28 20:09:03 2023
# Process ID: 11992
# Current directory: C:/Users/User/Desktop/Computer organization/CPU Project/CPU_Project
# Command line: vivado.exe -gui_launcher_event rodinguilauncherevent8428 C:\Users\User\Desktop\Computer organization\CPU Project\CPU_Project\CPU.xpr
# Log file: C:/Users/User/Desktop/Computer organization/CPU Project/CPU_Project/vivado.log
# Journal file: C:/Users/User/Desktop/Computer organization/CPU Project/CPU_Project\vivado.jou
#-----------------------------------------------------------
start_gui
open_project {C:/Users/User/Desktop/Computer organization/CPU Project/CPU_Project/CPU.xpr}
Scanning sources...
Finished scanning sources
INFO: [IP_Flow 19-234] Refreshing IP repositories
INFO: [IP_Flow 19-1704] No user IP repositories specified
INFO: [IP_Flow 19-2313] Loaded Vivado IP repository 'C:/Xilinx/Vivado/2017.4/data/ip'.
update_compile_order -fileset sources_1
exit
INFO: [Common 17-206] Exiting Vivado at Fri Apr 28 20:09:44 2023...
